<?xml version="1.0" encoding="UTF-8"?>
<testsuite name="JUnit Jupiter" tests="7" skipped="0" failures="0" errors="0" time="0.101" hostname="MGUERRERO" timestamp="2020-08-14T12:53:59">
<properties>
[...]
</properties>
<testcase name="isInstantiatedWithNew()" classname="cl.set.junit5.AnidadosTests" time="0.034">
<system-out><![CDATA[
unique-id: [engine:junit-jupiter]/[class:cl.set.junit5.AnidadosTests]/[method:isInstantiatedWithNew()]
display-name: se instancia con un nuevo Stack()
]]></system-out>
</testcase>
<testcase name="estaVacio()" classname="cl.set.junit5.AnidadosTests$CuandoEsNuevo" time="0.034">
<system-out><![CDATA[
unique-id: [engine:junit-jupiter]/[class:cl.set.junit5.AnidadosTests]/[nested-class:CuandoEsNuevo]/[method:estaVacio()]
display-name: está vacía
]]></system-out>
</testcase>
<testcase name="lanzaExcepcionEnPopVacio()" classname="cl.set.junit5.AnidadosTests$CuandoEsNuevo" time="0.034">
<system-out><![CDATA[
unique-id: [engine:junit-jupiter]/[class:cl.set.junit5.AnidadosTests]/[nested-class:CuandoEsNuevo]/[method:lanzaExcepcionEnPopVacio()]
display-name: Lanza excepción EmptyStackException cuando se intenta sacar
]]></system-out>
</testcase>
<testcase name="lanzaExcepcionAlMirar()" classname="cl.set.junit5.AnidadosTests$CuandoEsNuevo" time="0.033">
<system-out><![CDATA[
unique-id: [engine:junit-jupiter]/[class:cl.set.junit5.AnidadosTests]/[nested-class:CuandoEsNuevo]/[method:lanzaExcepcionAlMirar()]
display-name: Lanza excepción  EmptyStackException cuando se hace peek
]]></system-out>
</testcase>
<testcase name="retornaElementoAlTomarlo()" classname="cl.set.junit5.AnidadosTests$CuandoEsNuevo$LuegoDeAgregarElemento" time="0.032">
<system-out><![CDATA[
unique-id: [engine:junit-jupiter]/[class:cl.set.junit5.AnidadosTests]/[nested-class:CuandoEsNuevo]/[nested-class:LuegoDeAgregarElemento]/[method:retornaElementoAlTomarlo()]
display-name: saca el elemento cuando el elemento es tomado y ve que stack está vacío de nuevo
]]></system-out>
</testcase>
<testcase name="noEstaVacio()" classname="cl.set.junit5.AnidadosTests$CuandoEsNuevo$LuegoDeAgregarElemento" time="0.03">
<system-out><![CDATA[
unique-id: [engine:junit-jupiter]/[class:cl.set.junit5.AnidadosTests]/[nested-class:CuandoEsNuevo]/[nested-class:LuegoDeAgregarElemento]/[method:noEstaVacio()]
display-name: ya no debe estar vacía
]]></system-out>
</testcase>
<testcase name="retornaElementoAlMirarlo()" classname="cl.set.junit5.AnidadosTests$CuandoEsNuevo$LuegoDeAgregarElemento" time="0.033">
<system-out><![CDATA[
unique-id: [engine:junit-jupiter]/[class:cl.set.junit5.AnidadosTests]/[nested-class:CuandoEsNuevo]/[nested-class:LuegoDeAgregarElemento]/[method:retornaElementoAlMirarlo()]
display-name: retorna el elemento al mirar el elemento pero stack no debe estar vacío.
]]></system-out>
</testcase>
<system-out><![CDATA[
unique-id: [engine:junit-jupiter]
display-name: JUnit Jupiter
]]></system-out>
</testsuite>
